Determining if the pthread_create exist failed with the following output:
Change Dir: /home/workspace/catkin_ws/build/CMakeFiles/CMakeTmp

Run Build Command:"/usr/bin/make" "cmTC_68456/fast"
/usr/bin/make -f CMakeFiles/cmTC_68456.dir/build.make CMakeFiles/cmTC_68456.dir/build
make[1]: Entering directory '/home/workspace/catkin_ws/build/CMakeFiles/CMakeTmp'
Building C object CMakeFiles/cmTC_68456.dir/CheckSymbolExists.c.o
/usr/bin/cc     -o CMakeFiles/cmTC_68456.dir/CheckSymbolExists.c.o   -c /home/workspace/catkin_ws/build/CMakeFiles/CMakeTmp/CheckSymbolExists.c
Linking C executable cmTC_68456
/usr/bin/cmake -E cmake_link_script CMakeFiles/cmTC_68456.dir/link.txt --verbose=1
/usr/bin/cc       CMakeFiles/cmTC_68456.dir/CheckSymbolExists.c.o  -o cmTC_68456 -rdynamic 
CMakeFiles/cmTC_68456.dir/CheckSymbolExists.c.o: In function `main':
CheckSymbolExists.c:(.text+0x16): undefined reference to `pthread_create'
collect2: error: ld returned 1 exit status
CMakeFiles/cmTC_68456.dir/build.make:97: recipe for target 'cmTC_68456' failed
make[1]: *** [cmTC_68456] Error 1
make[1]: Leaving directory '/home/workspace/catkin_ws/build/CMakeFiles/CMakeTmp'
Makefile:126: recipe for target 'cmTC_68456/fast' failed
make: *** [cmTC_68456/fast] Error 2

File /home/workspace/catkin_ws/build/CMakeFiles/CMakeTmp/CheckSymbolExists.c:
/* */
#include <pthread.h>

int main(int argc, char** argv)
{
  (void)argv;
#ifndef pthread_create
  return ((int*)(&pthread_create))[argc];
#else
  (void)argc;
  return 0;
#endif
}

Determining if the function pthread_create exists in the pthreads failed with the following output:
Change Dir: /home/workspace/catkin_ws/build/CMakeFiles/CMakeTmp

Run Build Command:"/usr/bin/make" "cmTC_f511c/fast"
/usr/bin/make -f CMakeFiles/cmTC_f511c.dir/build.make CMakeFiles/cmTC_f511c.dir/build
make[1]: Entering directory '/home/workspace/catkin_ws/build/CMakeFiles/CMakeTmp'
Building C object CMakeFiles/cmTC_f511c.dir/CheckFunctionExists.c.o
/usr/bin/cc    -DCHECK_FUNCTION_EXISTS=pthread_create   -o CMakeFiles/cmTC_f511c.dir/CheckFunctionExists.c.o   -c /usr/share/cmake-3.5/Modules/CheckFunctionExists.c
Linking C executable cmTC_f511c
/usr/bin/cmake -E cmake_link_script CMakeFiles/cmTC_f511c.dir/link.txt --verbose=1
/usr/bin/cc   -DCHECK_FUNCTION_EXISTS=pthread_create    CMakeFiles/cmTC_f511c.dir/CheckFunctionExists.c.o  -o cmTC_f511c -rdynamic -lpthreads 
/usr/bin/ld: cannot find -lpthreads
collect2: error: ld returned 1 exit status
CMakeFiles/cmTC_f511c.dir/build.make:97: recipe for target 'cmTC_f511c' failed
make[1]: *** [cmTC_f511c] Error 1
make[1]: Leaving directory '/home/workspace/catkin_ws/build/CMakeFiles/CMakeTmp'
Makefile:126: recipe for target 'cmTC_f511c/fast' failed
make: *** [cmTC_f511c/fast] Error 2


